TN:
SF:src/components/Home.jsx
FN:5,(anonymous_0)
FN:23,(anonymous_1)
FNF:2
FNH:2
FNDA:6,(anonymous_0)
FNDA:2,(anonymous_1)
DA:5,1
DA:6,6
DA:8,6
DA:23,2
LF:4
LH:4
BRDA:11,0,0,2
BRDA:11,0,1,4
BRF:2
BRH:2
end_of_record
TN:
SF:src/context/UserContext.jsx
FN:5,(anonymous_0)
FN:7,(anonymous_1)
FN:10,(anonymous_2)
FN:17,(anonymous_3)
FNF:4
FNH:4
FNDA:6,(anonymous_0)
FNDA:6,(anonymous_1)
FNDA:2,(anonymous_2)
FNDA:1,(anonymous_3)
DA:3,1
DA:5,6
DA:7,1
DA:8,6
DA:10,6
DA:12,2
DA:13,2
DA:14,2
DA:17,6
DA:18,1
DA:22,6
DA:29,6
DA:31,6
LF:13
LH:13
BRF:0
BRH:0
end_of_record
