<?xml version="1.0" encoding="UTF-8"?>
<coverage generated="1731406916188" clover="3.2.0">
  <project timestamp="1731406916188" name="All files">
    <metrics statements="5" coveredstatements="5" conditionals="0" coveredconditionals="0" methods="4" coveredmethods="2" elements="9" coveredelements="7" complexity="0" loc="5" ncloc="5" packages="1" files="1" classes="1"/>
    <file name="Test.jsx" path="/Users/narendramehta/Documents/personal_docs/learning/ReactJS_Projects_2024/07_show_user_posts_altimetrik/src/components/Test.jsx">
      <metrics statements="5" coveredstatements="5" conditionals="0" coveredconditionals="0" methods="4" coveredmethods="2"/>
      <line num="3" count="1" type="stmt"/>
      <line num="4" count="1" type="stmt"/>
      <line num="6" count="1" type="stmt"/>
      <line num="7" count="1" type="stmt"/>
      <line num="10" count="1" type="stmt"/>
    </file>
  </project>
</coverage>
