{"/Users/narendramehta/Documents/personal_docs/learning/ReactJS_Projects_2024/07_show_user_posts_altimetrik/src/components/Test.jsx": {"path":"/Users/narendramehta/Documents/personal_docs/learning/ReactJS_Projects_2024/07_show_user_posts_altimetrik/src/components/Test.jsx","statementMap":{"0":{"start":{"line":3,"column":22},"end":{"line":11,"column":3}},"1":{"start":{"line":4,"column":30},"end":{"line":4,"column":41}},"2":{"start":{"line":6,"column":4},"end":{"line":8,"column":11}},"3":{"start":{"line":7,"column":6},"end":{"line":7,"column":59}},"4":{"start":{"line":7,"column":23},"end":{"line":7,"column":51}},"5":{"start":{"line":7,"column":42},"end":{"line":7,"column":50}},"6":{"start":{"line":10,"column":4},"end":{"line":10,"column":57}}},"fnMap":{"0":{"name":"(anonymous_0)","decl":{"start":{"line":3,"column":22},"end":{"line":3,"column":23}},"loc":{"start":{"line":3,"column":28},"end":{"line":11,"column":3}},"line":3},"1":{"name":"(anonymous_1)","decl":{"start":{"line":6,"column":14},"end":{"line":6,"column":15}},"loc":{"start":{"line":6,"column":20},"end":{"line":8,"column":5}},"line":6},"2":{"name":"(anonymous_2)","decl":{"start":{"line":7,"column":17},"end":{"line":7,"column":18}},"loc":{"start":{"line":7,"column":23},"end":{"line":7,"column":51}},"line":7},"3":{"name":"(anonymous_3)","decl":{"start":{"line":7,"column":32},"end":{"line":7,"column":33}},"loc":{"start":{"line":7,"column":42},"end":{"line":7,"column":50}},"line":7}},"branchMap":{},"s":{"0":1,"1":1,"2":1,"3":1,"4":0,"5":0,"6":1},"f":{"0":1,"1":1,"2":0,"3":0},"b":{},"_coverageSchema":"1a1c01bbd47fc00a2c39e90264f33305004495a9","hash":"360bd9f52afe321fb48150abb1000772a7abd676"}
}
